<?xml version="1.0" encoding="UTF-8"?>
<testng-results ignored="0" total="1" passed="1" failed="0" skipped="0">
  <reporter-output>
  </reporter-output>
  <suite started-at="2025-07-25T14:38:59 IST" name="Default suite" finished-at="2025-07-25T14:39:02 IST" duration-ms="3048">
    <groups>
    </groups>
    <test started-at="2025-07-25T14:38:59 IST" name="Default test" finished-at="2025-07-25T14:39:02 IST" duration-ms="3048">
      <class name="PayloadFromExternalFile">
        <test-method signature="addBook()[pri:0, instance:PayloadFromExternalFile@408d971b]" started-at="2025-07-25T14:38:59 IST" name="addBook" finished-at="2025-07-25T14:39:02 IST" duration-ms="2950" status="PASS">
          <reporter-output>
          </reporter-output>
        </test-method> <!-- addBook -->
      </class> <!-- PayloadFromExternalFile -->
    </test> <!-- Default test -->
  </suite> <!-- Default suite -->
</testng-results>
